<?xml version="1.0" encoding="UTF-8"?>
<testng-results skipped="0" failed="0" ignored="0" total="1" passed="1">
  <reporter-output>
  </reporter-output>
  <suite name="MakemytripFlight" duration-ms="17324" started-at="2019-05-15T12:26:53Z" finished-at="2019-05-15T12:27:10Z">
    <groups>
    </groups>
    <test name="SearchForFlightsAndCountFlightsPrice" duration-ms="17324" started-at="2019-05-15T12:26:53Z" finished-at="2019-05-15T12:27:10Z">
      <class name="com.makemytrip.testCases.TestSetup">
        <test-method status="PASS" signature="beforeSuite()[pri:0, instance:com.makemytrip.testCases.TestSetup@4501b7af]" name="beforeSuite" is-config="true" duration-ms="6234" started-at="2019-05-15T12:26:47Z" finished-at="2019-05-15T12:26:53Z">
          <reporter-output>
          </reporter-output>
        </test-method> <!-- beforeSuite -->
        <test-method status="PASS" signature="afterSuite()[pri:0, instance:com.makemytrip.testCases.TestSetup@4501b7af]" name="afterSuite" is-config="true" duration-ms="723" started-at="2019-05-15T12:27:10Z" finished-at="2019-05-15T12:27:11Z">
          <reporter-output>
          </reporter-output>
        </test-method> <!-- afterSuite -->
      </class> <!-- com.makemytrip.testCases.TestSetup -->
      <class name="com.makemytrip.testCases.HomePage">
        <test-method status="PASS" signature="searchFlights()[pri:0, instance:com.makemytrip.testCases.HomePage@523884b2]" name="searchFlights" duration-ms="17301" started-at="2019-05-15T12:26:53Z" finished-at="2019-05-15T12:27:10Z">
          <reporter-output>
          </reporter-output>
        </test-method> <!-- searchFlights -->
      </class> <!-- com.makemytrip.testCases.HomePage -->
    </test> <!-- SearchForFlightsAndCountFlightsPrice -->
  </suite> <!-- MakemytripFlight -->
</testng-results>
